<?xml version="1.0" encoding="UTF-8"?>
<!-- Generated by org.testng.reporters.JUnitReportReporter -->
<testsuite hostname="LAPTOP-24FVGN96" failures="0" tests="1" name="TestNgExecution.TC_2" time="19.289" errors="0" timestamp="2023-11-10T10:54:15 IST" skipped="0">
  <testcase classname="TestNgExecution.TC_2" name="navigatingToMyntra" time="19.289"/>
  <system-out/>
</testsuite> <!-- TestNgExecution.TC_2 -->
