<?xml version="1.0" encoding="UTF-8"?>
<!-- Generated by org.testng.reporters.JUnitReportReporter -->
<testsuite hostname="LAPTOP-24FVGN96" failures="0" tests="3" name="TestNgPractice.DemonstrationForDependsOnMethods" time="0.011" errors="0" timestamp="2023-11-09T09:16:51 IST" skipped="0">
  <testcase classname="TestNgPractice.DemonstrationForDependsOnMethods" name="home" time="0.002"/>
  <system-out/>
  <testcase classname="TestNgPractice.DemonstrationForDependsOnMethods" name="logout" time="0.001"/>
  <system-out/>
  <testcase classname="TestNgPractice.DemonstrationForDependsOnMethods" name="login" time="0.008"/>
  <system-out/>
</testsuite> <!-- TestNgPractice.DemonstrationForDependsOnMethods -->
