<?xml version="1.0" encoding="UTF-8"?>
<!-- Generated by org.testng.reporters.JUnitReportReporter -->
<testsuite hostname="LAPTOP-24FVGN96" failures="0" tests="3" name="TestNgPractice.DemonstrationForCombinationOfThreadPoolSizeAndInvocationCount" time="19.926" errors="0" timestamp="2023-11-09T09:38:30 IST" skipped="0">
  <testcase classname="TestNgPractice.DemonstrationForCombinationOfThreadPoolSizeAndInvocationCount" name="login" time="6.721"/>
  <system-out/>
  <testcase classname="TestNgPractice.DemonstrationForCombinationOfThreadPoolSizeAndInvocationCount" name="login" time="6.829"/>
  <system-out/>
  <testcase classname="TestNgPractice.DemonstrationForCombinationOfThreadPoolSizeAndInvocationCount" name="login" time="6.376"/>
  <system-out/>
</testsuite> <!-- TestNgPractice.DemonstrationForCombinationOfThreadPoolSizeAndInvocationCount -->
