<?xml version="1.0" encoding="UTF-8"?>
<!-- Generated by org.testng.reporters.JUnitReportReporter -->
<testsuite hostname="LAPTOP-24FVGN96" failures="0" tests="3" name="TestNgPractice.DemonstrationForPriority" time="0.014" errors="0" timestamp="2023-11-09T09:02:36 IST" skipped="0">
  <testcase classname="TestNgPractice.DemonstrationForPriority" name="logout" time="0.012"/>
  <system-out/>
  <testcase classname="TestNgPractice.DemonstrationForPriority" name="home" time="0.001"/>
  <system-out/>
  <testcase classname="TestNgPractice.DemonstrationForPriority" name="login" time="0.001"/>
  <system-out/>
</testsuite> <!-- TestNgPractice.DemonstrationForPriority -->
