<?xml version="1.0" encoding="UTF-8"?>
<!-- Generated by org.testng.reporters.JUnitReportReporter -->
<testsuite hostname="LAPTOP-24FVGN96" failures="0" tests="1" name="TestNgExecution.TC_01" time="32.289" errors="0" timestamp="2023-11-10T11:12:40 IST" skipped="0">
  <testcase classname="TestNgExecution.TC_01" name="navigatingToFlipkart" time="32.289"/>
  <system-out/>
</testsuite> <!-- TestNgExecution.TC_01 -->
