<?xml version="1.0" encoding="UTF-8"?>
<!-- Generated by org.testng.reporters.JUnitReportReporter -->
<testsuite hostname="LAPTOP-24FVGN96" failures="0" tests="1" name="PreAndPostConditions.GeneratingReports" time="6.870" errors="0" timestamp="2023-11-11T10:03:46 IST" skipped="0">
  <testcase classname="PreAndPostConditions.GeneratingReports" name="testCase" time="6.870"/>
  <system-out>
    <![CDATA[browser is launched
window is maximized
navigated to application
browser is closed]]>
  </system-out>
</testsuite> <!-- PreAndPostConditions.GeneratingReports -->
