<?xml version="1.0" encoding="UTF-8"?>
<!-- Generated by org.testng.reporters.JUnitReportReporter -->
<testsuite hostname="LAPTOP-24FVGN96" failures="0" tests="1" name="TestNgExecution.TC_02" time="22.303" errors="0" timestamp="2023-11-10T11:15:55 IST" skipped="0">
  <testcase classname="TestNgExecution.TC_02" name="navigatingToMyntra" time="22.303"/>
  <system-out/>
</testsuite> <!-- TestNgExecution.TC_02 -->
