<?xml version="1.0" encoding="UTF-8"?>
<!-- Generated by org.testng.reporters.JUnitReportReporter -->
<testsuite hostname="LAPTOP-24FVGN96" failures="0" tests="1" name="TestNgPractice.DemonstrationForAssertion" time="0.015" errors="0" timestamp="2023-11-13T10:12:09 IST" skipped="0">
  <testcase classname="TestNgPractice.DemonstrationForAssertion" name="demo" time="0.015"/>
  <system-out/>
</testsuite> <!-- TestNgPractice.DemonstrationForAssertion -->
