<?xml version="1.0" encoding="UTF-8"?>
<!-- Generated by org.testng.reporters.JUnitReportReporter -->
<testsuite hostname="LAPTOP-24FVGN96" failures="0" tests="10" name="TestNgPractice.DemonstrationForInvocationCount" time="0.030" errors="0" timestamp="2023-11-09T09:22:23 IST" skipped="0">
  <testcase classname="TestNgPractice.DemonstrationForInvocationCount" name="login" time="0.002"/>
  <system-out/>
  <testcase classname="TestNgPractice.DemonstrationForInvocationCount" name="login" time="0.002"/>
  <system-out/>
  <testcase classname="TestNgPractice.DemonstrationForInvocationCount" name="login" time="0.001"/>
  <system-out/>
  <testcase classname="TestNgPractice.DemonstrationForInvocationCount" name="login" time="0.002"/>
  <system-out/>
  <testcase classname="TestNgPractice.DemonstrationForInvocationCount" name="login" time="0.002"/>
  <system-out/>
  <testcase classname="TestNgPractice.DemonstrationForInvocationCount" name="login" time="0.001"/>
  <system-out/>
  <testcase classname="TestNgPractice.DemonstrationForInvocationCount" name="login" time="0.012"/>
  <system-out/>
  <testcase classname="TestNgPractice.DemonstrationForInvocationCount" name="login" time="0.002"/>
  <system-out/>
  <testcase classname="TestNgPractice.DemonstrationForInvocationCount" name="login" time="0.004"/>
  <system-out/>
  <testcase classname="TestNgPractice.DemonstrationForInvocationCount" name="login" time="0.002"/>
  <system-out/>
</testsuite> <!-- TestNgPractice.DemonstrationForInvocationCount -->
