<?xml version="1.0" encoding="UTF-8"?>
<!-- Generated by org.testng.reporters.JUnitReportReporter -->
<testsuite hostname="LAPTOP-24FVGN96" failures="0" tests="1" name="TestNgExecution.TC_04" time="53.483" errors="0" timestamp="2023-11-10T11:15:55 IST" skipped="0">
  <testcase classname="TestNgExecution.TC_04" name="navigatingToAjio" time="53.483"/>
  <system-out/>
</testsuite> <!-- TestNgExecution.TC_04 -->
