<?xml version="1.0" encoding="UTF-8"?>
<!-- Generated by org.testng.reporters.JUnitReportReporter -->
<testsuite hostname="LAPTOP-24FVGN96" failures="0" tests="3" name="TestNgPractice.DemoForParameter" time="15.874" errors="0" timestamp="2023-11-10T10:11:41 IST" skipped="0">
  <testcase classname="TestNgPractice.DemoForParameter" name="login" time="5.207"/>
  <system-out/>
  <testcase classname="TestNgPractice.DemoForParameter" name="login" time="5.311"/>
  <system-out/>
  <testcase classname="TestNgPractice.DemoForParameter" name="login" time="5.356"/>
  <system-out/>
</testsuite> <!-- TestNgPractice.DemoForParameter -->
