<?xml version="1.0" encoding="UTF-8"?>
<!-- Generated by org.testng.reporters.JUnitReportReporter -->
<testsuite hostname="LAPTOP-24FVGN96" failures="0" tests="1" name="xpath.demo" time="0.011" errors="0" timestamp="2023-11-08T09:30:24 IST" skipped="0">
  <testcase classname="xpath.demo" name="demo" time="0.011"/>
  <system-out/>
</testsuite> <!-- xpath.demo -->
