<?xml version="1.0" encoding="UTF-8"?>
<!-- Generated by org.testng.reporters.JUnitReportReporter -->
<testsuite hostname="LAPTOP-24FVGN96" failures="0" tests="1" name="TestNgPractice.CrossBrowserExecution" time="0.010" errors="0" timestamp="2023-11-11T08:46:54 IST" skipped="0">
  <testcase classname="TestNgPractice.CrossBrowserExecution" name="cbt" time="0.010"/>
  <system-out/>
</testsuite> <!-- TestNgPractice.CrossBrowserExecution -->
