<?xml version="1.0" encoding="UTF-8"?>
<!-- Generated by org.testng.reporters.JUnitReportReporter -->
<testsuite hostname="LAPTOP-24FVGN96" failures="0" tests="1" name="TestNgExecution.TC_3" time="8.155" errors="0" timestamp="2023-11-10T10:54:15 IST" skipped="0">
  <testcase classname="TestNgExecution.TC_3" name="navigatingToAmazon" time="8.155"/>
  <system-out/>
</testsuite> <!-- TestNgExecution.TC_3 -->
