<?xml version="1.0" encoding="UTF-8"?>
<!-- Generated by org.testng.reporters.JUnitReportReporter -->
<testsuite hostname="LAPTOP-24FVGN96" failures="0" tests="3" name="TestNgPractice.DemonstrationForDisabled" time="0.012" errors="0" timestamp="2023-11-09T09:45:13 IST" skipped="1">
  <testcase classname="TestNgPractice.DemonstrationForDisabled" name="home" time="0.010"/>
  <system-out/>
  <testcase classname="TestNgPractice.DemonstrationForDisabled" name="login" time="0.002"/>
  <system-out/>
  <testcase classname="TestNgPractice.DemonstrationForDisabled" name="logout">
    <skipped/>
  </testcase> <!-- logout -->
  <system-out/>
</testsuite> <!-- TestNgPractice.DemonstrationForDisabled -->
